<?xml version="1.0" encoding="UTF-8"?>
<!-- Generated by org.testng.reporters.JUnitReportReporter -->
<testsuite skipped="0" hostname="Ragav" name="com.vcentry.lab.testCases.HomePageTest" tests="4" failures="0" timestamp="2020-08-27T10:06:17 IST" time="88.940" errors="0">
  <testcase name="validateHomePage" time="14.379" classname="com.vcentry.lab.testCases.HomePageTest"/>
  <system-out/>
  <testcase name="validateHomePage" time="18.230" classname="com.vcentry.lab.testCases.HomePageTest"/>
  <system-out/>
  <testcase name="validateHomePage" time="34.932" classname="com.vcentry.lab.testCases.HomePageTest"/>
  <system-out/>
  <testcase name="validateHomePage" time="21.399" classname="com.vcentry.lab.testCases.HomePageTest"/>
  <system-out/>
</testsuite> <!-- com.vcentry.lab.testCases.HomePageTest -->
