<?xml version="1.0" encoding="UTF-8"?>
<!-- Generated by org.testng.reporters.JUnitReportReporter -->
<testsuite skipped="0" hostname="Ragav" name="com.vcentry.lab.utils.ReportOptimizer" tests="1" failures="0" timestamp="2020-08-27T09:57:29 IST" time="0.043" errors="0">
  <testcase name="optimizeReport" time="0.043" classname="com.vcentry.lab.utils.ReportOptimizer"/>
  <system-out/>
</testsuite> <!-- com.vcentry.lab.utils.ReportOptimizer -->
