<?xml version="1.0" encoding="UTF-8"?>
<!-- Generated by org.testng.reporters.JUnitReportReporter -->
<testsuite skipped="0" hostname="Ragav" name="temp.ReportTest" tests="3" failures="0" timestamp="2020-08-26T10:35:26 IST" time="71.605" errors="0">
  <testcase name="validateGoogle" time="8.917" classname="temp.ReportTest"/>
  <system-out/>
  <testcase name="validateGmail" time="21.723" classname="temp.ReportTest"/>
  <system-out/>
  <testcase name="validateYahoo" time="40.965" classname="temp.ReportTest"/>
  <system-out/>
</testsuite> <!-- temp.ReportTest -->
